<?xml version="1.0" encoding="UTF-8"?>
<coverage generated="1772785369084" clover="3.2.0">
  <project timestamp="1772785369084" name="All files">
    <metrics statements="12" coveredstatements="12" conditionals="20" coveredconditionals="20" methods="3" coveredmethods="3" elements="35" coveredelements="35" complexity="0" loc="12" ncloc="12" packages="1" files="1" classes="1"/>
    <file name="calculNote.js" path="C:\Users\wajdb\OneDrive\Bureau\ing2\sem2\devOps\tp-api-nodejs\utils\calculNote.js">
      <metrics statements="12" coveredstatements="12" conditionals="20" coveredconditionals="20" methods="3" coveredmethods="3"/>
      <line num="4" count="3" type="stmt"/>
      <line num="12" count="8" type="cond" truecount="4" falsecount="0"/>
      <line num="13" count="5" type="cond" truecount="2" falsecount="0"/>
      <line num="19" count="9" type="cond" truecount="4" falsecount="0"/>
      <line num="20" count="1" type="stmt"/>
      <line num="24" count="8" type="cond" truecount="4" falsecount="0"/>
      <line num="25" count="2" type="stmt"/>
      <line num="28" count="6" type="cond" truecount="2" falsecount="0"/>
      <line num="29" count="4" type="cond" truecount="2" falsecount="0"/>
      <line num="30" count="3" type="cond" truecount="2" falsecount="0"/>
      <line num="31" count="2" type="stmt"/>
      <line num="34" count="1" type="stmt"/>
    </file>
  </project>
</coverage>
