{"C:\\Users\\wajdb\\OneDrive\\Bureau\\ing2\\sem2\\devOps\\tp-api-nodejs\\utils\\calculNote.js": {"path":"C:\\Users\\wajdb\\OneDrive\\Bureau\\ing2\\sem2\\devOps\\tp-api-nodejs\\utils\\calculNote.js","statementMap":{"0":{"start":{"line":4,"column":2},"end":{"line":4,"column":15}},"1":{"start":{"line":12,"column":2},"end":{"line":12,"column":64}},"2":{"start":{"line":12,"column":51},"end":{"line":12,"column":64}},"3":{"start":{"line":13,"column":2},"end":{"line":13,"column":37}},"4":{"start":{"line":19,"column":2},"end":{"line":21,"column":3}},"5":{"start":{"line":20,"column":4},"end":{"line":20,"column":54}},"6":{"start":{"line":24,"column":2},"end":{"line":26,"column":3}},"7":{"start":{"line":25,"column":4},"end":{"line":25,"column":67}},"8":{"start":{"line":28,"column":2},"end":{"line":28,"column":40}},"9":{"start":{"line":28,"column":21},"end":{"line":28,"column":40}},"10":{"start":{"line":29,"column":2},"end":{"line":29,"column":35}},"11":{"start":{"line":29,"column":21},"end":{"line":29,"column":35}},"12":{"start":{"line":30,"column":2},"end":{"line":30,"column":39}},"13":{"start":{"line":30,"column":21},"end":{"line":30,"column":39}},"14":{"start":{"line":31,"column":2},"end":{"line":31,"column":23}},"15":{"start":{"line":34,"column":0},"end":{"line":34,"column":64}}},"fnMap":{"0":{"name":"additionner","decl":{"start":{"line":3,"column":9},"end":{"line":3,"column":20}},"loc":{"start":{"line":3,"column":27},"end":{"line":5,"column":1}},"line":3},"1":{"name":"isValidMoyenne","decl":{"start":{"line":11,"column":9},"end":{"line":11,"column":23}},"loc":{"start":{"line":11,"column":32},"end":{"line":14,"column":1}},"line":11},"2":{"name":"calculMention","decl":{"start":{"line":16,"column":9},"end":{"line":16,"column":22}},"loc":{"start":{"line":16,"column":32},"end":{"line":32,"column":1}},"line":16}},"branchMap":{"0":{"loc":{"start":{"line":12,"column":2},"end":{"line":12,"column":64}},"type":"if","locations":[{"start":{"line":12,"column":2},"end":{"line":12,"column":64}},{"start":{},"end":{}}],"line":12},"1":{"loc":{"start":{"line":12,"column":6},"end":{"line":12,"column":49}},"type":"binary-expr","locations":[{"start":{"line":12,"column":6},"end":{"line":12,"column":32}},{"start":{"line":12,"column":36},"end":{"line":12,"column":49}}],"line":12},"2":{"loc":{"start":{"line":13,"column":9},"end":{"line":13,"column":36}},"type":"binary-expr","locations":[{"start":{"line":13,"column":9},"end":{"line":13,"column":20}},{"start":{"line":13,"column":24},"end":{"line":13,"column":36}}],"line":13},"3":{"loc":{"start":{"line":19,"column":2},"end":{"line":21,"column":3}},"type":"if","locations":[{"start":{"line":19,"column":2},"end":{"line":21,"column":3}},{"start":{},"end":{}}],"line":19},"4":{"loc":{"start":{"line":19,"column":6},"end":{"line":19,"column":51}},"type":"binary-expr","locations":[{"start":{"line":19,"column":6},"end":{"line":19,"column":33}},{"start":{"line":19,"column":37},"end":{"line":19,"column":51}}],"line":19},"5":{"loc":{"start":{"line":24,"column":2},"end":{"line":26,"column":3}},"type":"if","locations":[{"start":{"line":24,"column":2},"end":{"line":26,"column":3}},{"start":{},"end":{}}],"line":24},"6":{"loc":{"start":{"line":24,"column":6},"end":{"line":24,"column":33}},"type":"binary-expr","locations":[{"start":{"line":24,"column":6},"end":{"line":24,"column":17}},{"start":{"line":24,"column":21},"end":{"line":24,"column":33}}],"line":24},"7":{"loc":{"start":{"line":28,"column":2},"end":{"line":28,"column":40}},"type":"if","locations":[{"start":{"line":28,"column":2},"end":{"line":28,"column":40}},{"start":{},"end":{}}],"line":28},"8":{"loc":{"start":{"line":29,"column":2},"end":{"line":29,"column":35}},"type":"if","locations":[{"start":{"line":29,"column":2},"end":{"line":29,"column":35}},{"start":{},"end":{}}],"line":29},"9":{"loc":{"start":{"line":30,"column":2},"end":{"line":30,"column":39}},"type":"if","locations":[{"start":{"line":30,"column":2},"end":{"line":30,"column":39}},{"start":{},"end":{}}],"line":30}},"s":{"0":3,"1":8,"2":3,"3":5,"4":9,"5":1,"6":8,"7":2,"8":6,"9":2,"10":4,"11":1,"12":3,"13":1,"14":2,"15":1},"f":{"0":3,"1":8,"2":9},"b":{"0":[3,5],"1":[8,5],"2":[5,4],"3":[1,8],"4":[9,8],"5":[2,6],"6":[8,7],"7":[2,4],"8":[1,3],"9":[1,2]},"_coverageSchema":"1a1c01bbd47fc00a2c39e90264f33305004495a9","hash":"234801b69d08630bfacde3aa525f1aa44c56ee2d"}
}
