TN:
SF:utils\calculNote.js
FN:3,additionner
FN:11,isValidMoyenne
FN:16,calculMention
FNF:3
FNH:3
FNDA:3,additionner
FNDA:8,isValidMoyenne
FNDA:9,calculMention
DA:4,3
DA:12,8
DA:13,5
DA:19,9
DA:20,1
DA:24,8
DA:25,2
DA:28,6
DA:29,4
DA:30,3
DA:31,2
DA:34,1
LF:12
LH:12
BRDA:12,0,0,3
BRDA:12,0,1,5
BRDA:12,1,0,8
BRDA:12,1,1,5
BRDA:13,2,0,5
BRDA:13,2,1,4
BRDA:19,3,0,1
BRDA:19,3,1,8
BRDA:19,4,0,9
BRDA:19,4,1,8
BRDA:24,5,0,2
BRDA:24,5,1,6
BRDA:24,6,0,8
BRDA:24,6,1,7
BRDA:28,7,0,2
BRDA:28,7,1,4
BRDA:29,8,0,1
BRDA:29,8,1,3
BRDA:30,9,0,1
BRDA:30,9,1,2
BRF:20
BRH:20
end_of_record
